<?xml version="1.0" encoding="UTF-8"?>
<!-- Generated by org.testng.reporters.JUnitReportReporter -->
<testsuite hostname="DESKTOP-L9A7JG1" failures="0" tests="2" name="com.facebook_loginTest.LoginTest" time="5.340" errors="0" timestamp="2023-01-26T19:12:14 EST" skipped="0">
  <testcase classname="com.facebook_loginTest.LoginTest" name="validLoginTest1" time="0.011"/>
  <system-out/>
  <testcase classname="com.facebook_loginTest.LoginTest" name="validLoginTest" time="5.329"/>
  <system-out/>
</testsuite> <!-- com.facebook_loginTest.LoginTest -->
