<?xml version="1.0" encoding="UTF-8"?>
<!-- Generated by org.testng.reporters.JUnitReportReporter -->
<testsuite hostname="DESKTOP-L9A7JG1" failures="0" tests="1" name="com.facebook.TestNgTest" time="0.026" errors="0" timestamp="2023-01-19T19:50:24 EST" skipped="0">
  <testcase classname="com.facebook.TestNgTest" name="HelloTest" time="0.026"/>
  <system-out/>
</testsuite> <!-- com.facebook.TestNgTest -->
