<?xml version="1.0" encoding="UTF-8"?>
<!-- Generated by org.testng.reporters.JUnitReportReporter -->
<testsuite hostname="DESKTOP-L9A7JG1" failures="0" tests="3" name="com.facebook_loginPageWithPageFactory.PageFactoryLoginTest" time="10.780" errors="0" timestamp="2023-02-02T20:05:19 EST" skipped="0">
  <testcase classname="com.facebook_loginPageWithPageFactory.PageFactoryLoginTest" name="validUserNameTest" time="4.990"/>
  <system-out/>
  <testcase classname="com.facebook_loginPageWithPageFactory.PageFactoryLoginTest" name="validPasswordTest" time="2.880"/>
  <system-out/>
  <testcase classname="com.facebook_loginPageWithPageFactory.PageFactoryLoginTest" name="doLoginTest" time="2.910"/>
  <system-out/>
</testsuite> <!-- com.facebook_loginPageWithPageFactory.PageFactoryLoginTest -->
