<?xml version="1.0" encoding="UTF-8"?>
<!-- Generated by org.testng.reporters.JUnitReportReporter -->
<testsuite hostname="DESKTOP-L9A7JG1" failures="0" tests="1" name="com.facebook_loginTest.LoginPageWithVariablesTest" time="4.568" errors="0" timestamp="2023-01-26T20:46:02 EST" skipped="0">
  <testcase classname="com.facebook_loginTest.LoginPageWithVariablesTest" name="boundaryLoginTest" time="4.568"/>
  <system-out/>
</testsuite> <!-- com.facebook_loginTest.LoginPageWithVariablesTest -->
