<?xml version="1.0" encoding="UTF-8"?>
<!-- Generated by org.testng.reporters.JUnitReportReporter -->
<testsuite hostname="DESKTOP-L9A7JG1" failures="0" tests="1" name="com.facebook_FindElements.LoginTest" time="0.017" errors="0" timestamp="2023-01-19T21:18:52 EST" skipped="0">
  <testcase classname="com.facebook_FindElements.LoginTest" name="validLoginTest" time="0.017"/>
  <system-out/>
</testsuite> <!-- com.facebook_FindElements.LoginTest -->
