<?xml version="1.0" encoding="UTF-8"?>
<!-- Generated by org.testng.reporters.JUnitReportReporter -->
<testsuite hostname="DESKTOP-L9A7JG1" failures="0" tests="1" name="com.facebook_loginTest.LoginWithMethodSignatureTest" time="6.884" errors="0" timestamp="2023-01-26T20:10:56 EST" skipped="0">
  <testcase classname="com.facebook_loginTest.LoginWithMethodSignatureTest" name="positiveLoginTest1" time="6.884"/>
  <system-out/>
</testsuite> <!-- com.facebook_loginTest.LoginWithMethodSignatureTest -->
