<?xml version="1.0" encoding="UTF-8"?>
<!-- Generated by org.testng.reporters.JUnitReportReporter -->
<testsuite hostname="DESKTOP-L9A7JG1" failures="0" tests="2" name="com.facebook_registrationTest.PageFactoryRegistrationTest" time="9.542" errors="0" timestamp="2023-02-14T16:22:40 EST" skipped="0">
  <testcase classname="com.facebook_registrationTest.PageFactoryRegistrationTest" name="regressionSignupNewAccount" time="5.526"/>
  <system-out/>
  <testcase classname="com.facebook_registrationTest.PageFactoryRegistrationTest" name="signupNewAccount" time="4.016"/>
  <system-out/>
</testsuite> <!-- com.facebook_registrationTest.PageFactoryRegistrationTest -->
